2021-11-09 23:11:56.791  INFO 1332 --- [main] t.e.spring.tests.ContratServiceImplTest  : Starting ContratServiceImplTest on DESKTOP-F0J9EP9 with PID 1332 (started by Nihel in C:\Users\Nihel\Desktop\DevOps\DevOpsEsprit)
2021-11-09 23:11:56.794  INFO 1332 --- [main] t.e.spring.tests.ContratServiceImplTest  : No active profile set, falling back to default profiles: default
2021-11-09 23:11:58.364  INFO 1332 --- [main] .s.d.r.c.RepositoryConfigurationDelegate : Bootstrapping Spring Data repositories in DEFAULT mode.
2021-11-09 23:11:58.546  INFO 1332 --- [main] .s.d.r.c.RepositoryConfigurationDelegate : Finished Spring Data repository scanning in 163ms. Found 6 repository interfaces.
2021-11-09 23:11:59.415  INFO 1332 --- [main] trationDelegate$BeanPostProcessorChecker : Bean 'org.springframework.transaction.annotation.ProxyTransactionManagementConfiguration' of type [org.springframework.transaction.annotation.ProxyTransactionManagementConfiguration$$EnhancerBySpringCGLIB$$3c6ebcce] is not eligible for getting processed by all BeanPostProcessors (for example: not eligible for auto-proxying)
2021-11-09 23:11:59.883  INFO 1332 --- [main] com.zaxxer.hikari.HikariDataSource       : HikariPool-1 - Starting...
2021-11-09 23:12:00.158  INFO 1332 --- [main] com.zaxxer.hikari.HikariDataSource       : HikariPool-1 - Start completed.
2021-11-09 23:12:00.348  INFO 1332 --- [main] o.hibernate.jpa.internal.util.LogHelper  : HHH000204: Processing PersistenceUnitInfo [
	name: default
	...]
2021-11-09 23:12:00.457  INFO 1332 --- [main] org.hibernate.Version                    : HHH000412: Hibernate Core {5.3.9.Final}
2021-11-09 23:12:00.461  INFO 1332 --- [main] org.hibernate.cfg.Environment            : HHH000206: hibernate.properties not found
2021-11-09 23:12:00.730  INFO 1332 --- [main] o.hibernate.annotations.common.Version   : HCANN000001: Hibernate Commons Annotations {5.0.4.Final}
2021-11-09 23:12:01.055  INFO 1332 --- [main] org.hibernate.dialect.Dialect            : HHH000400: Using dialect: org.hibernate.dialect.MySQL5Dialect
2021-11-09 23:12:01.502  WARN 1332 --- [main] org.hibernate.mapping.RootClass          : HHH000038: Composite-id class does not override equals(): tn.esprit.spring.entities.TimesheetPK
2021-11-09 23:12:01.503  WARN 1332 --- [main] org.hibernate.mapping.RootClass          : HHH000039: Composite-id class does not override hashCode(): tn.esprit.spring.entities.TimesheetPK
2021-11-09 23:12:03.226  INFO 1332 --- [main] j.LocalContainerEntityManagerFactoryBean : Initialized JPA EntityManagerFactory for persistence unit 'default'
2021-11-09 23:12:03.880  INFO 1332 --- [main] o.h.h.i.QueryTranslatorFactoryInitiator  : HHH000397: Using ASTQueryTranslatorFactory
2021-11-09 23:12:05.680  INFO 1332 --- [main] o.s.s.concurrent.ThreadPoolTaskExecutor  : Initializing ExecutorService 'applicationTaskExecutor'
2021-11-09 23:12:05.811  WARN 1332 --- [main] aWebConfiguration$JpaWebMvcConfiguration : spring.jpa.open-in-view is enabled by default. Therefore, database queries may be performed during view rendering. Explicitly configure spring.jpa.open-in-view to disable this warning
2021-11-09 23:12:06.513  INFO 1332 --- [main] t.e.spring.tests.ContratServiceImplTest  : Started ContratServiceImplTest in 10.417 seconds (JVM running for 12.147)
2021-11-09 23:12:06.848  INFO 1332 --- [main] t.e.spring.tests.ContratServiceImplTest  : Create Date - Create Current Date
2021-11-09 23:12:06.849  INFO 1332 --- [main] t.e.spring.tests.ContratServiceImplTest  : Contrat ajouté
2021-11-09 23:12:06.969  INFO 1332 --- [main] t.e.spring.tests.ContratServiceImplTest  : Employe ajouté
2021-11-09 23:12:07.086  INFO 1332 --- [main] t.e.spring.tests.ContratServiceImplTest  : Contrat affecté à employé
2021-11-09 23:12:07.101  INFO 1332 --- [Thread-1] o.s.s.concurrent.ThreadPoolTaskExecutor  : Shutting down ExecutorService 'applicationTaskExecutor'
2021-11-09 23:12:07.104  INFO 1332 --- [Thread-1] j.LocalContainerEntityManagerFactoryBean : Closing JPA EntityManagerFactory for persistence unit 'default'
2021-11-09 23:12:07.109  INFO 1332 --- [Thread-1] com.zaxxer.hikari.HikariDataSource       : HikariPool-1 - Shutdown initiated...
2021-11-09 23:12:07.122  INFO 1332 --- [Thread-1] com.zaxxer.hikari.HikariDataSource       : HikariPool-1 - Shutdown completed.
2021-11-09 23:15:02.204  INFO 16452 --- [main] t.e.spring.tests.ContratServiceImplTest  : Starting ContratServiceImplTest on DESKTOP-F0J9EP9 with PID 16452 (started by Nihel in C:\Users\Nihel\Desktop\DevOps\DevOpsEsprit)
2021-11-09 23:15:02.208  INFO 16452 --- [main] t.e.spring.tests.ContratServiceImplTest  : No active profile set, falling back to default profiles: default
2021-11-09 23:15:03.963  INFO 16452 --- [main] .s.d.r.c.RepositoryConfigurationDelegate : Bootstrapping Spring Data repositories in DEFAULT mode.
2021-11-09 23:15:04.294  INFO 16452 --- [main] .s.d.r.c.RepositoryConfigurationDelegate : Finished Spring Data repository scanning in 309ms. Found 6 repository interfaces.
2021-11-09 23:15:05.254  INFO 16452 --- [main] trationDelegate$BeanPostProcessorChecker : Bean 'org.springframework.transaction.annotation.ProxyTransactionManagementConfiguration' of type [org.springframework.transaction.annotation.ProxyTransactionManagementConfiguration$$EnhancerBySpringCGLIB$$27e5e898] is not eligible for getting processed by all BeanPostProcessors (for example: not eligible for auto-proxying)
2021-11-09 23:15:05.841  INFO 16452 --- [main] com.zaxxer.hikari.HikariDataSource       : HikariPool-1 - Starting...
2021-11-09 23:15:06.103  INFO 16452 --- [main] com.zaxxer.hikari.HikariDataSource       : HikariPool-1 - Start completed.
2021-11-09 23:15:06.291  INFO 16452 --- [main] o.hibernate.jpa.internal.util.LogHelper  : HHH000204: Processing PersistenceUnitInfo [
	name: default
	...]
2021-11-09 23:15:06.467  INFO 16452 --- [main] org.hibernate.Version                    : HHH000412: Hibernate Core {5.3.9.Final}
2021-11-09 23:15:06.471  INFO 16452 --- [main] org.hibernate.cfg.Environment            : HHH000206: hibernate.properties not found
2021-11-09 23:15:06.716  INFO 16452 --- [main] o.hibernate.annotations.common.Version   : HCANN000001: Hibernate Commons Annotations {5.0.4.Final}
2021-11-09 23:15:07.132  INFO 16452 --- [main] org.hibernate.dialect.Dialect            : HHH000400: Using dialect: org.hibernate.dialect.MySQL5Dialect
2021-11-09 23:15:07.649  WARN 16452 --- [main] org.hibernate.mapping.RootClass          : HHH000038: Composite-id class does not override equals(): tn.esprit.spring.entities.TimesheetPK
2021-11-09 23:15:07.650  WARN 16452 --- [main] org.hibernate.mapping.RootClass          : HHH000039: Composite-id class does not override hashCode(): tn.esprit.spring.entities.TimesheetPK
2021-11-09 23:15:09.512  INFO 16452 --- [main] j.LocalContainerEntityManagerFactoryBean : Initialized JPA EntityManagerFactory for persistence unit 'default'
2021-11-09 23:15:10.242  INFO 16452 --- [main] o.h.h.i.QueryTranslatorFactoryInitiator  : HHH000397: Using ASTQueryTranslatorFactory
2021-11-09 23:15:12.493  INFO 16452 --- [main] o.s.s.concurrent.ThreadPoolTaskExecutor  : Initializing ExecutorService 'applicationTaskExecutor'
2021-11-09 23:15:12.600  WARN 16452 --- [main] aWebConfiguration$JpaWebMvcConfiguration : spring.jpa.open-in-view is enabled by default. Therefore, database queries may be performed during view rendering. Explicitly configure spring.jpa.open-in-view to disable this warning
2021-11-09 23:15:13.422  INFO 16452 --- [main] t.e.spring.tests.ContratServiceImplTest  : Started ContratServiceImplTest in 11.985 seconds (JVM running for 13.914)
2021-11-09 23:15:13.784  INFO 16452 --- [main] t.e.spring.tests.ContratServiceImplTest  : Create Date - Create Current Date
2021-11-09 23:15:13.785  INFO 16452 --- [main] t.e.spring.tests.ContratServiceImplTest  : Contrat ajouté
2021-11-09 23:15:13.929  INFO 16452 --- [main] t.e.spring.tests.ContratServiceImplTest  : Employe ajouté
2021-11-09 23:15:14.083  INFO 16452 --- [main] t.e.spring.tests.ContratServiceImplTest  : Contrat affecté à employé
2021-11-09 23:15:14.101  INFO 16452 --- [Thread-1] o.s.s.concurrent.ThreadPoolTaskExecutor  : Shutting down ExecutorService 'applicationTaskExecutor'
2021-11-09 23:15:14.105  INFO 16452 --- [Thread-1] j.LocalContainerEntityManagerFactoryBean : Closing JPA EntityManagerFactory for persistence unit 'default'
2021-11-09 23:15:14.112  INFO 16452 --- [Thread-1] com.zaxxer.hikari.HikariDataSource       : HikariPool-1 - Shutdown initiated...
2021-11-09 23:15:14.127  INFO 16452 --- [Thread-1] com.zaxxer.hikari.HikariDataSource       : HikariPool-1 - Shutdown completed.
